<?xml version="1.0" encoding="UTF-8"?>
<testng-results ignored="0" total="1" passed="1" failed="0" skipped="0">
  <reporter-output>
  </reporter-output>
  <suite started-at="2025-05-28T06:34:49 IST" name="Default suite" finished-at="2025-05-28T06:35:04 IST" duration-ms="15319">
    <groups>
    </groups>
    <test started-at="2025-05-28T06:34:49 IST" name="Default test" finished-at="2025-05-28T06:35:04 IST" duration-ms="15319">
      <class name="ProfileUpdater.NaukriProfileUpdater">
        <test-method is-config="true" signature="setUp()[pri:0, instance:ProfileUpdater.NaukriProfileUpdater@55141def]" started-at="2025-05-28T06:34:49 IST" name="setUp" finished-at="2025-05-28T06:34:51 IST" duration-ms="2185" status="PASS">
          <reporter-output>
          </reporter-output>
        </test-method> <!-- setUp -->
        <test-method signature="testUpdateProfileHeadline()[pri:0, instance:ProfileUpdater.NaukriProfileUpdater@55141def]" started-at="2025-05-28T06:34:51 IST" name="testUpdateProfileHeadline" finished-at="2025-05-28T06:35:04 IST" duration-ms="12617" status="PASS">
          <reporter-output>
          </reporter-output>
        </test-method> <!-- testUpdateProfileHeadline -->
        <test-method is-config="true" signature="tearDown()[pri:0, instance:ProfileUpdater.NaukriProfileUpdater@55141def]" started-at="2025-05-28T06:35:04 IST" name="tearDown" finished-at="2025-05-28T06:35:04 IST" duration-ms="435" status="PASS">
          <reporter-output>
          </reporter-output>
        </test-method> <!-- tearDown -->
      </class> <!-- ProfileUpdater.NaukriProfileUpdater -->
    </test> <!-- Default test -->
  </suite> <!-- Default suite -->
</testng-results>
